<?xml version="1.0" encoding="UTF-8"?>
<testng-results ignored="0" total="1" passed="1" failed="0" skipped="0">
  <reporter-output>
  </reporter-output>
  <suite started-at="2021-11-06T18:27:26Z" name="Default suite" finished-at="2021-11-06T18:27:30Z" duration-ms="4535">
    <groups>
    </groups>
    <test started-at="2021-11-06T18:27:26Z" name="Default test" finished-at="2021-11-06T18:27:30Z" duration-ms="4535">
      <class name="LoginTest.TC_02_logout">
        <test-method is-config="true" signature="startWebDriver()[pri:0, instance:LoginTest.TC_02_logout@4d4d48a6]" started-at="2021-11-06T12:27:26Z" name="startWebDriver" finished-at="2021-11-06T12:27:27Z" duration-ms="1563" status="PASS">
          <reporter-output>
          </reporter-output>
        </test-method> <!-- startWebDriver -->
        <test-method signature="TC_01()[pri:0, instance:LoginTest.TC_02_logout@4d4d48a6]" started-at="2021-11-06T12:27:27Z" name="TC_01" finished-at="2021-11-06T12:27:30Z" duration-ms="2948" status="PASS">
          <reporter-output>
          </reporter-output>
        </test-method> <!-- TC_01 -->
        <test-method is-config="true" signature="closeDriver()[pri:0, instance:LoginTest.TC_02_logout@4d4d48a6]" started-at="2021-11-06T12:27:30Z" name="closeDriver" finished-at="2021-11-06T12:27:30Z" duration-ms="0" status="PASS">
          <reporter-output>
          </reporter-output>
        </test-method> <!-- closeDriver -->
      </class> <!-- LoginTest.TC_02_logout -->
    </test> <!-- Default test -->
  </suite> <!-- Default suite -->
</testng-results>
