<?xml version="1.0" encoding="UTF-8"?>
<testng-results ignored="0" total="1" passed="1" failed="0" skipped="0">
  <reporter-output>
  </reporter-output>
  <suite started-at="2021-10-16T17:33:31Z" name="Default suite" finished-at="2021-10-16T17:33:37Z" duration-ms="5612">
    <groups>
    </groups>
    <test started-at="2021-10-16T17:33:31Z" name="Default test" finished-at="2021-10-16T17:33:37Z" duration-ms="5612">
      <class name="testing.NewTest">
        <test-method signature="f()[pri:0, instance:testing.NewTest@c7045b9]" started-at="2021-10-16T12:33:31Z" name="f" finished-at="2021-10-16T12:33:37Z" duration-ms="5567" status="PASS">
          <reporter-output>
          </reporter-output>
        </test-method> <!-- f -->
      </class> <!-- testing.NewTest -->
    </test> <!-- Default test -->
  </suite> <!-- Default suite -->
</testng-results>
